[2023-08-18 20:49:24] [INFO]    [OmnipathR] Welcome to OmnipathR!
[2023-08-18 20:49:24] [TRACE]   [OmnipathR] Reading JSON from `/root/.cache/OmnipathR/cache.json` (encoding: UTF-8).
[2023-08-18 20:49:24] [TRACE]   [OmnipathR] JSON validation successful: TRUE
[2023-08-18 20:49:24] [INFO]    [OmnipathR] Initialized cache: `/root/.cache/OmnipathR`.
[2023-08-18 20:49:24] [TRACE]   [OmnipathR] Reading JSON from `/opt/R/4.3.1/lib/R/library/OmnipathR/db/db_def.json` (encoding: UTF-8).
[2023-08-18 20:49:24] [TRACE]   [OmnipathR] JSON validation successful: TRUE
[2023-08-18 20:49:24] [TRACE]   [OmnipathR] Reading JSON from `/opt/R/4.3.1/lib/R/library/OmnipathR/internal/magic_bytes.json` (encoding: UTF-8).
[2023-08-18 20:49:24] [TRACE]   [OmnipathR] JSON validation successful: TRUE
[2023-08-18 20:49:24] [TRACE]   [OmnipathR] Reading JSON from `/opt/R/4.3.1/lib/R/library/OmnipathR/internal/urls.json` (encoding: UTF-8).
[2023-08-18 20:49:24] [TRACE]   [OmnipathR] JSON validation successful: TRUE
[2023-08-18 20:49:24] [TRACE]   [OmnipathR] Reading JSON from `/opt/R/4.3.1/lib/R/library/OmnipathR/internal/id_types.json` (encoding: UTF-8).
[2023-08-18 20:49:24] [TRACE]   [OmnipathR] JSON validation successful: TRUE
[2023-08-18 21:05:04] [TRACE]   [OmnipathR] Reading JSON from `https://omnipathdb.org/resources` (encoding: UTF-8).
[2023-08-18 21:05:04] [TRACE]   [OmnipathR] JSON validation successful: TRUE
[2023-08-18 21:05:05] [TRACE]   [OmnipathR] Reading JSON from `https://omnipathdb.org/resources` (encoding: UTF-8).
[2023-08-18 21:05:05] [TRACE]   [OmnipathR] JSON validation successful: TRUE
[2023-08-18 21:05:05] [TRACE]   [OmnipathR] Reading JSON from `https://omnipathdb.org/resources` (encoding: UTF-8).
[2023-08-18 21:05:05] [TRACE]   [OmnipathR] JSON validation successful: TRUE
[2023-08-18 21:05:05] [INFO]    [OmnipathR] Cache record does not exist: `https://omnipathdb.org/interactions?genesymbols=yes&resources=ABS,ACSN,ACSN_SignaLink3,Adhesome,AlzPathway,ARACNe-GTEx_DoRothEA,ARN,Baccin2019,BEL-Large-Corpus_ProtMapper,BioGRID,CA1,CancerCellMap,CancerDrugsDB,CellCall,CellChatDB,CellChatDB-cofactors,Cellinker,CellPhoneDB,CellPhoneDB_Cellinker,CellTalkDB,CollecTRI,connectomeDB2020,Cui2007,CytReg_CollecTRI,dbPTM,DeathDomain,DEPOD,DIP,DLRP_Cellinker,DLRP_talklr,DOMINO,DoRothEA,DoRothEA-A_CollecTRI,DoRothEA-reviews_DoRothEA,ELM,EMBRACE,ENCODE_tf-mirna,ENCODE-distal,ENCODE-proximal,ExTRI_CollecTRI,FANTOM4_DoRothEA,Fantom5_LRdb,GEREDB_CollecTRI,GOA_CollecTRI,Guide2Pharma,Guide2Pharma_Cellinker,Guide2Pharma_LRdb,Guide2Pharma_talklr,HOCOMOCO_DoRothEA,HPMR,HPMR_Cellinker,HPMR_LRdb,HPMR_talklr,HPRD,HPRD_KEA,HPRD_LRdb,HPRD_MIMP,HPRD_talklr,HPRD-phos,HTRI_CollecTRI,HTRIdb,HTRIdb_DoRothEA,HuRI,ICELLNET,InnateDB,InnateDB_SignaLink3,IntAct,IntAct_CollecTRI,IntAct_DoRothEA,iPTMnet,iTALK,JASPAR_DoRothEA,KEA,KEGG-MEDICUS,Kinexus_KEA,Kirouac2010,Li2012,Lit-BM-17,LncRNADisease,LRdb,Macrophage,MatrixDB,MIMP,miR2Disease,miRDeathDB,miRecords,miRTarBase,MPPI,NCI-PID_ProtMapper,ncRDeathDB,NetPath,NetworKIN_KEA,NFIRegulomeDB_DoRothEA,NRF2ome,NTNU.Curated_CollecTRI,ORegAnno,ORegAnno_DoRothEA,Pavlidis2021_CollecTRI,PAZAR_DoRothEA,phosphoELM,phosphoELM_KEA,phosphoELM_MIMP,PhosphoNetworks,PhosphoPoint,PhosphoSite,PhosphoSite_KEA,PhosphoSite_MIMP,PhosphoSite_noref,PhosphoSite_ProtMapper,ProtMapper,Ramilowski2015,Ramilowski2015_Baccin2019,REACH_ProtMapper,Reactome_LRdb,Reactome_ProtMapper,Reactome_SignaLink3,RegNetwork_DoRothEA,ReMap_DoRothEA,RLIMS-P_ProtMapper,scConnect,SignaLink3,SIGNOR,SIGNOR_CollecTRI,SIGNOR_ProtMapper,Sparser_ProtMapper,SPIKE,SPIKE_LC,STRING_talklr,talklr,TCRcuration_SignaLink3,TFactS_CollecTRI,TFactS_DoRothEA,TFe_DoRothEA,TransmiR,TRED_DoRothEA,TRIP,TRRD_DoRothEA,TRRUST_CollecTRI,TRRUST_DoRothEA,UniProt_LRdb,Wang,Wojtowicz2020&datasets=omnipath&organisms=9606&fields=sources,references,curation_effort&license=academic`
[2023-08-18 21:05:05] [INFO]    [OmnipathR] Retrieving URL: `https://omnipathdb.org/interactions?genesymbols=yes&resources=ABS,ACSN,ACSN_SignaLink3,Adhesome,AlzPathway,ARACNe-GTEx_DoRothEA,ARN,Baccin2019,BEL-Large-Corpus_ProtMapper,BioGRID,CA1,CancerCellMap,CancerDrugsDB,CellCall,CellChatDB,CellChatDB-cofactors,Cellinker,CellPhoneDB,CellPhoneDB_Cellinker,CellTalkDB,CollecTRI,connectomeDB2020,Cui2007,CytReg_CollecTRI,dbPTM,DeathDomain,DEPOD,DIP,DLRP_Cellinker,DLRP_talklr,DOMINO,DoRothEA,DoRothEA-A_CollecTRI,DoRothEA-reviews_DoRothEA,ELM,EMBRACE,ENCODE_tf-mirna,ENCODE-distal,ENCODE-proximal,ExTRI_CollecTRI,FANTOM4_DoRothEA,Fantom5_LRdb,GEREDB_CollecTRI,GOA_CollecTRI,Guide2Pharma,Guide2Pharma_Cellinker,Guide2Pharma_LRdb,Guide2Pharma_talklr,HOCOMOCO_DoRothEA,HPMR,HPMR_Cellinker,HPMR_LRdb,HPMR_talklr,HPRD,HPRD_KEA,HPRD_LRdb,HPRD_MIMP,HPRD_talklr,HPRD-phos,HTRI_CollecTRI,HTRIdb,HTRIdb_DoRothEA,HuRI,ICELLNET,InnateDB,InnateDB_SignaLink3,IntAct,IntAct_CollecTRI,IntAct_DoRothEA,iPTMnet,iTALK,JASPAR_DoRothEA,KEA,KEGG-MEDICUS,Kinexus_KEA,Kirouac2010,Li2012,Lit-BM-17,LncRNADisease,LRdb,Macrophage,MatrixDB,MIMP,miR2Disease,miRDeathDB,miRecords,miRTarBase,MPPI,NCI-PID_ProtMapper,ncRDeathDB,NetPath,NetworKIN_KEA,NFIRegulomeDB_DoRothEA,NRF2ome,NTNU.Curated_CollecTRI,ORegAnno,ORegAnno_DoRothEA,Pavlidis2021_CollecTRI,PAZAR_DoRothEA,phosphoELM,phosphoELM_KEA,phosphoELM_MIMP,PhosphoNetworks,PhosphoPoint,PhosphoSite,PhosphoSite_KEA,PhosphoSite_MIMP,PhosphoSite_noref,PhosphoSite_ProtMapper,ProtMapper,Ramilowski2015,Ramilowski2015_Baccin2019,REACH_ProtMapper,Reactome_LRdb,Reactome_ProtMapper,Reactome_SignaLink3,RegNetwork_DoRothEA,ReMap_DoRothEA,RLIMS-P_ProtMapper,scConnect,SignaLink3,SIGNOR,SIGNOR_CollecTRI,SIGNOR_ProtMapper,Sparser_ProtMapper,SPIKE,SPIKE_LC,STRING_talklr,talklr,TCRcuration_SignaLink3,TFactS_CollecTRI,TFactS_DoRothEA,TFe_DoRothEA,TransmiR,TRED_DoRothEA,TRIP,TRRD_DoRothEA,TRRUST_CollecTRI,TRRUST_DoRothEA,UniProt_LRdb,Wang,Wojtowicz2020&datasets=omnipath&organisms=9606&fields=sources,references,curation_effort&license=academic`
[2023-08-18 21:05:05] [TRACE]   [OmnipathR] Attempt 1/3: `https://omnipathdb.org/interactions?genesymbols=yes&resources=ABS,ACSN,ACSN_SignaLink3,Adhesome,AlzPathway,ARACNe-GTEx_DoRothEA,ARN,Baccin2019,BEL-Large-Corpus_ProtMapper,BioGRID,CA1,CancerCellMap,CancerDrugsDB,CellCall,CellChatDB,CellChatDB-cofactors,Cellinker,CellPhoneDB,CellPhoneDB_Cellinker,CellTalkDB,CollecTRI,connectomeDB2020,Cui2007,CytReg_CollecTRI,dbPTM,DeathDomain,DEPOD,DIP,DLRP_Cellinker,DLRP_talklr,DOMINO,DoRothEA,DoRothEA-A_CollecTRI,DoRothEA-reviews_DoRothEA,ELM,EMBRACE,ENCODE_tf-mirna,ENCODE-distal,ENCODE-proximal,ExTRI_CollecTRI,FANTOM4_DoRothEA,Fantom5_LRdb,GEREDB_CollecTRI,GOA_CollecTRI,Guide2Pharma,Guide2Pharma_Cellinker,Guide2Pharma_LRdb,Guide2Pharma_talklr,HOCOMOCO_DoRothEA,HPMR,HPMR_Cellinker,HPMR_LRdb,HPMR_talklr,HPRD,HPRD_KEA,HPRD_LRdb,HPRD_MIMP,HPRD_talklr,HPRD-phos,HTRI_CollecTRI,HTRIdb,HTRIdb_DoRothEA,HuRI,ICELLNET,InnateDB,InnateDB_SignaLink3,IntAct,IntAct_CollecTRI,IntAct_DoRothEA,iPTMnet,iTALK,JASPAR_DoRothEA,KEA,KEGG-MEDICUS,Kinexus_KEA,Kirouac2010,Li2012,Lit-BM-17,LncRNADisease,LRdb,Macrophage,MatrixDB,MIMP,miR2Disease,miRDeathDB,miRecords,miRTarBase,MPPI,NCI-PID_ProtMapper,ncRDeathDB,NetPath,NetworKIN_KEA,NFIRegulomeDB_DoRothEA,NRF2ome,NTNU.Curated_CollecTRI,ORegAnno,ORegAnno_DoRothEA,Pavlidis2021_CollecTRI,PAZAR_DoRothEA,phosphoELM,phosphoELM_KEA,phosphoELM_MIMP,PhosphoNetworks,PhosphoPoint,PhosphoSite,PhosphoSite_KEA,PhosphoSite_MIMP,PhosphoSite_noref,PhosphoSite_ProtMapper,ProtMapper,Ramilowski2015,Ramilowski2015_Baccin2019,REACH_ProtMapper,Reactome_LRdb,Reactome_ProtMapper,Reactome_SignaLink3,RegNetwork_DoRothEA,ReMap_DoRothEA,RLIMS-P_ProtMapper,scConnect,SignaLink3,SIGNOR,SIGNOR_CollecTRI,SIGNOR_ProtMapper,Sparser_ProtMapper,SPIKE,SPIKE_LC,STRING_talklr,talklr,TCRcuration_SignaLink3,TFactS_CollecTRI,TFactS_DoRothEA,TFe_DoRothEA,TransmiR,TRED_DoRothEA,TRIP,TRRD_DoRothEA,TRRUST_CollecTRI,TRRUST_DoRothEA,UniProt_LRdb,Wang,Wojtowicz2020&datasets=omnipath&organisms=9606&fields=sources,references,curation_effort&license=academic`
[2023-08-18 21:05:06] [TRACE]   [OmnipathR] Reading JSON from `/root/.cache/OmnipathR/cache.json` (encoding: UTF-8).
[2023-08-18 21:05:06] [TRACE]   [OmnipathR] JSON validation successful: TRUE
[2023-08-18 21:05:06] [TRACE]   [OmnipathR] Reading JSON from `/root/.cache/OmnipathR/cache.json` (encoding: UTF-8).
[2023-08-18 21:05:06] [TRACE]   [OmnipathR] JSON validation successful: TRUE
[2023-08-18 21:05:06] [INFO]    [OmnipathR] Cache item `d7c54f6df05f0cc19b73e215c58c0761403a6e6c` version 1: status changed from `unknown` to `started`.
[2023-08-18 21:05:06] [TRACE]   [OmnipathR] Exporting object to RDS: `/root/.cache/OmnipathR/d7c54f6df05f0cc19b73e215c58c0761403a6e6c-1.rds`.
[2023-08-18 21:05:06] [TRACE]   [OmnipathR] Exported RDS to `/root/.cache/OmnipathR/d7c54f6df05f0cc19b73e215c58c0761403a6e6c-1.rds`.
[2023-08-18 21:05:06] [INFO]    [OmnipathR] Download ready [key=d7c54f6df05f0cc19b73e215c58c0761403a6e6c, version=1]
[2023-08-18 21:05:06] [TRACE]   [OmnipathR] Reading JSON from `/root/.cache/OmnipathR/cache.json` (encoding: UTF-8).
[2023-08-18 21:05:06] [TRACE]   [OmnipathR] JSON validation successful: TRUE
[2023-08-18 21:05:06] [INFO]    [OmnipathR] Cache item `d7c54f6df05f0cc19b73e215c58c0761403a6e6c` version 1: status changed from `started` to `ready`.
[2023-08-18 21:05:09] [SUCCESS] [OmnipathR] Downloaded 81529 interactions.
[2023-08-18 21:05:09] [TRACE]   [OmnipathR] Reading JSON from `https://omnipathdb.org/queries/interactions?format=json` (encoding: UTF-8).
[2023-08-18 21:05:09] [TRACE]   [OmnipathR] JSON validation successful: TRUE
[2023-08-18 21:05:09] [INFO]    [OmnipathR] Cache record does not exist: `https://omnipathdb.org/interactions?genesymbols=yes&datasets=collectri,dorothea,kinaseextra,ligrecextra,lncrna_mrna,mirnatarget,omnipath,pathwayextra,small_molecule,tf_mirna,tf_target,tfregulons&organisms=10090&dorothea_levels=A,B&fields=type,dorothea_level,sources,references,curation_effort&license=academic`
[2023-08-18 21:05:09] [INFO]    [OmnipathR] Retrieving URL: `https://omnipathdb.org/interactions?genesymbols=yes&datasets=collectri,dorothea,kinaseextra,ligrecextra,lncrna_mrna,mirnatarget,omnipath,pathwayextra,small_molecule,tf_mirna,tf_target,tfregulons&organisms=10090&dorothea_levels=A,B&fields=type,dorothea_level,sources,references,curation_effort&license=academic`
[2023-08-18 21:05:09] [TRACE]   [OmnipathR] Attempt 1/3: `https://omnipathdb.org/interactions?genesymbols=yes&datasets=collectri,dorothea,kinaseextra,ligrecextra,lncrna_mrna,mirnatarget,omnipath,pathwayextra,small_molecule,tf_mirna,tf_target,tfregulons&organisms=10090&dorothea_levels=A,B&fields=type,dorothea_level,sources,references,curation_effort&license=academic`
[2023-08-18 21:05:10] [TRACE]   [OmnipathR] Reading JSON from `/root/.cache/OmnipathR/cache.json` (encoding: UTF-8).
[2023-08-18 21:05:10] [TRACE]   [OmnipathR] JSON validation successful: TRUE
[2023-08-18 21:05:10] [TRACE]   [OmnipathR] Reading JSON from `/root/.cache/OmnipathR/cache.json` (encoding: UTF-8).
[2023-08-18 21:05:10] [TRACE]   [OmnipathR] JSON validation successful: TRUE
[2023-08-18 21:05:10] [INFO]    [OmnipathR] Cache item `9b9e105ccf1d1475a107bc70065e9bfc8b7699a4` version 1: status changed from `unknown` to `started`.
[2023-08-18 21:05:10] [TRACE]   [OmnipathR] Exporting object to RDS: `/root/.cache/OmnipathR/9b9e105ccf1d1475a107bc70065e9bfc8b7699a4-1.rds`.
[2023-08-18 21:05:11] [TRACE]   [OmnipathR] Exported RDS to `/root/.cache/OmnipathR/9b9e105ccf1d1475a107bc70065e9bfc8b7699a4-1.rds`.
[2023-08-18 21:05:11] [INFO]    [OmnipathR] Download ready [key=9b9e105ccf1d1475a107bc70065e9bfc8b7699a4, version=1]
[2023-08-18 21:05:11] [TRACE]   [OmnipathR] Reading JSON from `/root/.cache/OmnipathR/cache.json` (encoding: UTF-8).
[2023-08-18 21:05:11] [TRACE]   [OmnipathR] JSON validation successful: TRUE
[2023-08-18 21:05:11] [INFO]    [OmnipathR] Cache item `9b9e105ccf1d1475a107bc70065e9bfc8b7699a4` version 1: status changed from `started` to `ready`.
[2023-08-18 21:05:15] [SUCCESS] [OmnipathR] Downloaded 164644 interactions.
[2023-08-18 21:05:41] [TRACE]   [OmnipathR] Reading JSON from `https://omnipathdb.org/queries/interactions?format=json` (encoding: UTF-8).
[2023-08-18 21:05:41] [TRACE]   [OmnipathR] JSON validation successful: TRUE
[2023-08-18 21:05:41] [INFO]    [OmnipathR] Cache record does not exist: `https://omnipathdb.org/interactions?genesymbols=yes&datasets=collectri,dorothea,kinaseextra,ligrecextra,lncrna_mrna,mirnatarget,omnipath,pathwayextra,small_molecule,tf_mirna,tf_target,tfregulons&organisms=9606&dorothea_levels=A,B&fields=type,dorothea_level,sources,references,curation_effort&license=academic`
[2023-08-18 21:05:41] [INFO]    [OmnipathR] Retrieving URL: `https://omnipathdb.org/interactions?genesymbols=yes&datasets=collectri,dorothea,kinaseextra,ligrecextra,lncrna_mrna,mirnatarget,omnipath,pathwayextra,small_molecule,tf_mirna,tf_target,tfregulons&organisms=9606&dorothea_levels=A,B&fields=type,dorothea_level,sources,references,curation_effort&license=academic`
[2023-08-18 21:05:41] [TRACE]   [OmnipathR] Attempt 1/3: `https://omnipathdb.org/interactions?genesymbols=yes&datasets=collectri,dorothea,kinaseextra,ligrecextra,lncrna_mrna,mirnatarget,omnipath,pathwayextra,small_molecule,tf_mirna,tf_target,tfregulons&organisms=9606&dorothea_levels=A,B&fields=type,dorothea_level,sources,references,curation_effort&license=academic`
[2023-08-18 21:05:43] [TRACE]   [OmnipathR] Reading JSON from `/root/.cache/OmnipathR/cache.json` (encoding: UTF-8).
[2023-08-18 21:05:43] [TRACE]   [OmnipathR] JSON validation successful: TRUE
[2023-08-18 21:05:43] [TRACE]   [OmnipathR] Reading JSON from `/root/.cache/OmnipathR/cache.json` (encoding: UTF-8).
[2023-08-18 21:05:43] [TRACE]   [OmnipathR] JSON validation successful: TRUE
[2023-08-18 21:05:43] [INFO]    [OmnipathR] Cache item `832ce27219b0249204eeffdfe9218a33b1cc0f35` version 1: status changed from `unknown` to `started`.
[2023-08-18 21:05:43] [TRACE]   [OmnipathR] Exporting object to RDS: `/root/.cache/OmnipathR/832ce27219b0249204eeffdfe9218a33b1cc0f35-1.rds`.
[2023-08-18 21:05:44] [TRACE]   [OmnipathR] Exported RDS to `/root/.cache/OmnipathR/832ce27219b0249204eeffdfe9218a33b1cc0f35-1.rds`.
[2023-08-18 21:05:44] [INFO]    [OmnipathR] Download ready [key=832ce27219b0249204eeffdfe9218a33b1cc0f35, version=1]
[2023-08-18 21:05:44] [TRACE]   [OmnipathR] Reading JSON from `/root/.cache/OmnipathR/cache.json` (encoding: UTF-8).
[2023-08-18 21:05:44] [TRACE]   [OmnipathR] JSON validation successful: TRUE
[2023-08-18 21:05:44] [INFO]    [OmnipathR] Cache item `832ce27219b0249204eeffdfe9218a33b1cc0f35` version 1: status changed from `started` to `ready`.
[2023-08-18 21:05:51] [SUCCESS] [OmnipathR] Downloaded 276179 interactions.
